<?xml version="1.0" encoding="UTF-8"?>
<!-- Generated by org.testng.reporters.JUnitReportReporter -->
<testsuite skipped="0" hostname="DESKTOP-8IGUF9C" name="testcases.FormularioContacto" tests="1" failures="0" timestamp="2021-10-24T21:04:34 COT" time="98.206" errors="0">
  <testcase name="aplicarDataForm" time="98.206" classname="testcases.FormularioContacto"/>
  <system-out/>
</testsuite> <!-- testcases.FormularioContacto -->
